#
# A fatal error has been detected by the Java Runtime Environment:
#
#  SIGSEGV (0xb) at pc=0x00007f9a4299bdb8, pid=5278, tid=140300541466368
#
# JRE version: 6.0_22-b22
# Java VM: OpenJDK 64-Bit Server VM (19.0-b09 mixed mode linux-amd64 compressed oops)
# Derivative: IcedTea6 1.10.4
# Distribution: Custom build (Mon Jan  2 01:10:45 UTC 2012)
# Problematic frame:
# C  [libX11.so.6+0x39db8]  XQueryExtension+0x28
#
# If you would like to submit a bug report, please include
# instructions how to reproduce the bug and visit:
#   http://icedtea.classpath.org/bugzilla
#

---------------  T H R E A D  ---------------

Current thread (0x0000000000b12000):  VMThread [stack: 0x00007f9a43df9000,0x00007f9a43efa000] [id=5287]

siginfo:si_signo=SIGSEGV: si_errno=0, si_code=1 (SEGV_MAPERR), si_addr=0x000000003c1e3518

Registers:
RAX=0x0000000000d78690, RBX=0x000000003c1e2bb0, RCX=0x00007f9a43ef87d8, RDX=0x00007f9a43ef87d4
RSP=0x00007f9a43ef8770, RBP=0x00007f9a402c8932, RSI=0x00007f9a402c8932, RDI=0x000000003c1e2bb0
R8 =0x00007f9a43ef87dc, R9 =0x0000000000000000, R10=0x00007f9a49eac9a8, R11=0x00007f9a49b5f7d0
R12=0x00007f9a43ef87d4, R13=0x0000000000d78690, R14=0x0000000000d78690, R15=0x0000000000000000
RIP=0x00007f9a4299bdb8, EFL=0x0000000000010202, CSGSFS=0x0000000000000033, ERR=0x0000000000000004
  TRAPNO=0x000000000000000e

Register to memory mapping:

RAX=0x0000000000d78690
0x0000000000d78690 is pointing to unknown location

RBX=0x000000003c1e2bb0
0x000000003c1e2bb0 is pointing to unknown location

RCX=0x00007f9a43ef87d8
0x00007f9a43ef87d8 is pointing to unknown location

RDX=0x00007f9a43ef87d4
0x00007f9a43ef87d4 is pointing to unknown location

RSP=0x00007f9a43ef8770
0x00007f9a43ef8770 is pointing to unknown location

RBP=0x00007f9a402c8932
0x00007f9a402c8932: <offset 0x96932> in /usr/lib/libGL.so.1 at 0x00007f9a40232000

RSI=0x00007f9a402c8932
0x00007f9a402c8932: <offset 0x96932> in /usr/lib/libGL.so.1 at 0x00007f9a40232000

RDI=0x000000003c1e2bb0
0x000000003c1e2bb0 is pointing to unknown location

R8 =0x00007f9a43ef87dc
0x00007f9a43ef87dc is pointing to unknown location

R9 =0x0000000000000000
0x0000000000000000 is pointing to unknown location

R10=0x00007f9a49eac9a8
0x00007f9a49eac9a8: <offset 0x3849a8> in /tmp/cinstall-1000/eclipse-3.7.2-1-x86_64/lib/libc.so.6 at 0x00007f9a49b28000

R11=0x00007f9a49b5f7d0
0x00007f9a49b5f7d0: __cxa_finalize+0 in /tmp/cinstall-1000/eclipse-3.7.2-1-x86_64/lib/libc.so.6 at 0x00007f9a49b28000

R12=0x00007f9a43ef87d4
0x00007f9a43ef87d4 is pointing to unknown location

R13=0x0000000000d78690
0x0000000000d78690 is pointing to unknown location

R14=0x0000000000d78690
0x0000000000d78690 is pointing to unknown location

R15=0x0000000000000000
0x0000000000000000 is pointing to unknown location


Top of Stack: (sp=0x00007f9a43ef8770)
0x00007f9a43ef8770:   00007f9a49b366a8 00007f9a4a90a000
0x00007f9a43ef8780:   00007f9a4a905a00 00007f9a43ef8908
0x00007f9a43ef8790:   00007f9a44a943ec 000000003c1e2bb0
0x00007f9a43ef87a0:   00007f9a402c8932 0000000000000000
0x00007f9a43ef87b0:   0000000000d78690 0000000000d78690
0x00007f9a43ef87c0:   0000000000000000 00007f9a4298f765
0x00007f9a43ef87d0:   0000000000000000 00007f9a40401520
0x00007f9a43ef87e0:   00007f9a40401520 000000003c1e2bb0
0x00007f9a43ef87f0:   0000000000000011 00007f9a42cabdb2
0x00007f9a43ef8800:   00007f9a43ef88a0 00007f9a4a6f9c85
0x00007f9a43ef8810:   0000000000cc77f0 00007f9a402c8932
0x00007f9a43ef8820:   00007f9a3c1def10 0000000000000000
0x00007f9a43ef8830:   00007f9a43ef88a0 000000003c1e2bb0
0x00007f9a43ef8840:   00007f9a43ef8998 00007f9a43ef8a18
0x00007f9a43ef8850:   00007f9a4041ad50 00007f9a4026f119
0x00007f9a43ef8860:   0000000000000000 00007f9a3c1e5760
0x00007f9a43ef8870:   00007f9a43ef88a0 00007f9a481d4d48
0x00007f9a43ef8880:   00007f9a43ef8998 00007f9a43ef8a18
0x00007f9a43ef8890:   00000000ffffffff 00007f9a40265b42
0x00007f9a43ef88a0:   00007f9a43ef8a90 00007f9a402c88b1
0x00007f9a43ef88b0:   00007f9a43ef8a90 00007f9a4a6fae8f
0x00007f9a43ef88c0:   00007f9a4a90f188 00007f9a4a90f718
0x00007f9a43ef88d0:   00007f9a4a90b540 0000000000aab2d0
0x00007f9a43ef88e0:   0000000000aae250 0000000000ab2a70
0x00007f9a43ef88f0:   00007f9a3c058ff0 00007f9a3c0594f0
0x00007f9a43ef8900:   00007f9a4a90ca58 00007f9a3c0599a0
0x00007f9a43ef8910:   00007f9a3c1de590 00007f9a3c1de0a0
0x00007f9a43ef8920:   00007f9a3c1cd7b0 00007f9a3c1cdc50
0x00007f9a43ef8930:   00007f9a3c021990 00007f9a3c022300
0x00007f9a43ef8940:   00007f9a3c0227a0 00007f9a3c0233b0
0x00007f9a43ef8950:   0000000000aa9f50 0000000000aaa580
0x00007f9a43ef8960:   0000000000aa9810 0000000000aa4860 

Instructions: (pc=0x00007f9a4299bdb8)
0x00007f9a4299bda8:   89 d4 4c 89 74 24 f0 4c 89 7c 24 f8 48 83 ec 58
0x00007f9a4299bdb8:   48 8b 87 68 09 00 00 49 89 f5 48 89 cd 4d 89 c6 

Stack: [0x00007f9a43df9000,0x00007f9a43efa000],  sp=0x00007f9a43ef8770,  free space=1021k
Native frames: (J=compiled Java code, j=interpreted, Vv=VM code, C=native code)
C  [libX11.so.6+0x39db8]  XQueryExtension+0x28

VM_Operation (0x00007f9a4a9056a0): Exit, mode: safepoint, requested by thread 0x0000000000aae800


---------------  P R O C E S S  ---------------

Java Threads: ( => current thread )
  0x00007f9a3c1d3800 JavaThread "AWT-XAWT" daemon [_thread_in_native, id=5297, stack(0x00007f9a410b8000,0x00007f9a411b9000)]
  0x00007f9a3c069800 JavaThread "Java2D Disposer" daemon [_thread_blocked, id=5296, stack(0x00007f9a41507000,0x00007f9a41608000)]
  0x0000000000b48800 JavaThread "Low Memory Detector" daemon [_thread_blocked, id=5293, stack(0x00007f9a434f8000,0x00007f9a435f9000)]
  0x0000000000b44000 JavaThread "CompilerThread1" daemon [_thread_blocked, id=5292, stack(0x00007f9a435f9000,0x00007f9a436fa000)]
  0x0000000000b41000 JavaThread "CompilerThread0" daemon [_thread_blocked, id=5291, stack(0x00007f9a436fa000,0x00007f9a437fb000)]
  0x0000000000b3f800 JavaThread "Signal Dispatcher" daemon [_thread_blocked, id=5290, stack(0x00007f9a437fb000,0x00007f9a438fc000)]
  0x0000000000b1b000 JavaThread "Finalizer" daemon [_thread_blocked, id=5289, stack(0x00007f9a43bf7000,0x00007f9a43cf8000)]
  0x0000000000b19000 JavaThread "Reference Handler" daemon [_thread_blocked, id=5288, stack(0x00007f9a43cf8000,0x00007f9a43df9000)]
  0x0000000000aae800 JavaThread "main" [_thread_blocked, id=5280, stack(0x00007f9a4a806000,0x00007f9a4a907000)]

Other Threads:
=>0x0000000000b12000 VMThread [stack: 0x00007f9a43df9000,0x00007f9a43efa000] [id=5287]

VM state:at safepoint (shutting down)

VM Mutex/Monitor currently owned by a thread:  ([mutex/lock_event])
[0x0000000000aac8a0] Threads_lock - owner thread: 0x0000000000b12000

Heap
 PSYoungGen      total 18496K, used 15539K [0x00000000eb600000, 0x00000000ecaa0000, 0x0000000100000000)
  eden space 15872K, 97% used [0x00000000eb600000,0x00000000ec52ce38,0x00000000ec580000)
  from space 2624K, 0% used [0x00000000ec810000,0x00000000ec810000,0x00000000ecaa0000)
  to   space 2624K, 0% used [0x00000000ec580000,0x00000000ec580000,0x00000000ec810000)
 PSOldGen        total 42240K, used 0K [0x00000000c2200000, 0x00000000c4b40000, 0x00000000eb600000)
  object space 42240K, 0% used [0x00000000c2200000,0x00000000c2200000,0x00000000c4b40000)
 PSPermGen       total 21248K, used 10336K [0x00000000b7c00000, 0x00000000b90c0000, 0x00000000c2200000)
  object space 21248K, 48% used [0x00000000b7c00000,0x00000000b86182f8,0x00000000b90c0000)

Dynamic libraries:
00400000-00408000 r-xp 00000000 07:01 5263                               /tmp/cinstall-1000/eclipse-3.7.2-1-x86_64/usr/lib/jvm/java-6-openjdk/bin/java
00608000-00609000 rw-p 00008000 07:01 5263                               /tmp/cinstall-1000/eclipse-3.7.2-1-x86_64/usr/lib/jvm/java-6-openjdk/bin/java
00aa4000-02111000 rw-p 00000000 00:00 0                                  [heap]
b7c00000-b90c0000 rw-p 00000000 00:00 0 
b90c0000-c2200000 rw-p 00000000 00:00 0 
c2200000-c4b40000 rw-p 00000000 00:00 0 
c4b40000-eb600000 rw-p 00000000 00:00 0 
eb600000-ecaa0000 rw-p 00000000 00:00 0 
ecaa0000-100000000 rw-p 00000000 00:00 0 
7f9a392db000-7f9a399db000 rw-s 00006000 00:05 10457                      /dev/ati/card0
7f9a399db000-7f9a399dd000 r-xp 00000000 08:06 5774538                    /usr/lib/libXinerama.so.1.0.0
7f9a399dd000-7f9a39bdc000 ---p 00002000 08:06 5774538                    /usr/lib/libXinerama.so.1.0.0
7f9a39bdc000-7f9a39bdd000 rw-p 00001000 08:06 5774538                    /usr/lib/libXinerama.so.1.0.0
7f9a39bdd000-7f9a39c18000 r-xp 00000000 08:06 5769939                    /usr/lib/libatiadlxx.so
7f9a39c18000-7f9a39d18000 ---p 0003b000 08:06 5769939                    /usr/lib/libatiadlxx.so
7f9a39d18000-7f9a39d21000 rw-p 0003b000 08:06 5769939                    /usr/lib/libatiadlxx.so
7f9a39d21000-7f9a39d32000 rw-p 00000000 00:00 0 
7f9a39d32000-7f9a3bc8c000 r-xp 00000000 08:06 400255                     /usr/lib/xorg/modules/dri/fglrx_dri.so
7f9a3bc8c000-7f9a3bd8c000 ---p 01f5a000 08:06 400255                     /usr/lib/xorg/modules/dri/fglrx_dri.so
7f9a3bd8c000-7f9a3beda000 rwxp 01f5a000 08:06 400255                     /usr/lib/xorg/modules/dri/fglrx_dri.so
7f9a3beda000-7f9a3c000000 rwxp 00000000 00:00 0 
7f9a3c000000-7f9a3c632000 rw-p 00000000 00:00 0 
7f9a3c632000-7f9a40000000 ---p 00000000 00:00 0 
7f9a400e1000-7f9a40129000 rw-p 00000000 00:00 0 
7f9a40129000-7f9a40130000 r-xp 00000000 08:06 5769938                    /usr/lib/libatiuki.so.1.0
7f9a40130000-7f9a40230000 ---p 00007000 08:06 5769938                    /usr/lib/libatiuki.so.1.0
7f9a40230000-7f9a40231000 rw-p 00007000 08:06 5769938                    /usr/lib/libatiuki.so.1.0
7f9a40231000-7f9a40232000 rw-p 00000000 00:00 0 
7f9a40232000-7f9a402f5000 r-xp 00000000 08:06 5770805                    /usr/lib/fglrx/fglrx-libGL.so.1.2
7f9a402f5000-7f9a403f4000 ---p 000c3000 08:06 5770805                    /usr/lib/fglrx/fglrx-libGL.so.1.2
7f9a403f4000-7f9a4041b000 rwxp 000c2000 08:06 5770805                    /usr/lib/fglrx/fglrx-libGL.so.1.2
7f9a4041b000-7f9a4043b000 rwxp 00000000 00:00 0 
7f9a4043b000-7f9a4043e000 ---p 00000000 00:00 0 
7f9a4043e000-7f9a4053c000 rw-p 00000000 00:00 0 
7f9a4053c000-7f9a40541000 r-xp 00000000 08:06 5774582                    /usr/lib/libXxf86vm.so.1.0.0
7f9a40541000-7f9a40740000 ---p 00005000 08:06 5774582                    /usr/lib/libXxf86vm.so.1.0.0
7f9a40740000-7f9a40741000 rw-p 00004000 08:06 5774582                    /usr/lib/libXxf86vm.so.1.0.0
7f9a40741000-7f9a40749000 r-xp 00000000 08:06 5774551                    /usr/lib/libXrandr.so.2.2.0
7f9a40749000-7f9a40948000 ---p 00008000 08:06 5774551                    /usr/lib/libXrandr.so.2.2.0
7f9a40948000-7f9a40949000 rw-p 00007000 08:06 5774551                    /usr/lib/libXrandr.so.2.2.0
7f9a40949000-7f9a409b0000 r-xp 00000000 08:05 1574238                    /home/isak/workspace/GrandLittleBattlefield/lib/native/liblwjgl64.so
7f9a409b0000-7f9a40bb0000 ---p 00067000 08:05 1574238                    /home/isak/workspace/GrandLittleBattlefield/lib/native/liblwjgl64.so
7f9a40bb0000-7f9a40bb2000 r--p 00067000 08:05 1574238                    /home/isak/workspace/GrandLittleBattlefield/lib/native/liblwjgl64.so
7f9a40bb2000-7f9a40bb3000 rw-p 00069000 08:05 1574238                    /home/isak/workspace/GrandLittleBattlefield/lib/native/liblwjgl64.so
7f9a40bb3000-7f9a40bb4000 r-xp 00000000 07:01 5577                       /tmp/cinstall-1000/eclipse-3.7.2-1-x86_64/usr/lib/jvm/java-6-openjdk/jre/lib/amd64/libjawt.so
7f9a40bb4000-7f9a40db3000 ---p 00001000 07:01 5577                       /tmp/cinstall-1000/eclipse-3.7.2-1-x86_64/usr/lib/jvm/java-6-openjdk/jre/lib/amd64/libjawt.so
7f9a40db3000-7f9a40db4000 rw-p 00000000 07:01 5577                       /tmp/cinstall-1000/eclipse-3.7.2-1-x86_64/usr/lib/jvm/java-6-openjdk/jre/lib/amd64/libjawt.so
7f9a40db4000-7f9a40dbd000 r-xp 00000000 08:06 5774510                    /usr/lib/libXcursor.so.1.0.2
7f9a40dbd000-7f9a40fbd000 ---p 00009000 08:06 5774510                    /usr/lib/libXcursor.so.1.0.2
7f9a40fbd000-7f9a40fbe000 rw-p 00009000 08:06 5774510                    /usr/lib/libXcursor.so.1.0.2
7f9a40fbe000-7f9a40fef000 r--s 00000000 08:06 4851501                    /var/cache/fontconfig/f6b893a7224233d96cb72fd88691c0b4-le64.cache-3
7f9a40fef000-7f9a4104c000 r--s 00000000 08:06 4851500                    /var/cache/fontconfig/17090aa38d5c6f09fb8c5c354938f1d7-le64.cache-3
7f9a4104c000-7f9a410a9000 r--s 00000000 08:06 4851498                    /var/cache/fontconfig/df311e82a1a24c41a75c2c930223552e-le64.cache-3
7f9a410b8000-7f9a410bb000 ---p 00000000 00:00 0 
7f9a410bb000-7f9a411b9000 rw-p 00000000 00:00 0 
7f9a411b9000-7f9a411ea000 r--s 00000000 08:06 4851501                    /var/cache/fontconfig/f6b893a7224233d96cb72fd88691c0b4-le64.cache-3
7f9a411ea000-7f9a41247000 r--s 00000000 08:06 4851500                    /var/cache/fontconfig/17090aa38d5c6f09fb8c5c354938f1d7-le64.cache-3
7f9a41247000-7f9a412a4000 r--s 00000000 08:06 4851498                    /var/cache/fontconfig/df311e82a1a24c41a75c2c930223552e-le64.cache-3
7f9a412a5000-7f9a412aa000 r-xp 00000000 08:06 5774522                    /usr/lib/libXfixes.so.3.1.0
7f9a412aa000-7f9a414aa000 ---p 00005000 08:06 5774522                    /usr/lib/libXfixes.so.3.1.0
7f9a414aa000-7f9a414ab000 rw-p 00005000 08:06 5774522                    /usr/lib/libXfixes.so.3.1.0
7f9a414c9000-7f9a414d9000 rw-s f5000000 00:05 10457                      /dev/ati/card0
7f9a414d9000-7f9a414e0000 r--s 000fb000 07:01 5609                       /tmp/cinstall-1000/eclipse-3.7.2-1-x86_64/usr/lib/jvm/java-6-openjdk/jre/lib/resources.jar
7f9a414e0000-7f9a414f6000 r--s 00000000 08:06 4851514                    /var/cache/fontconfig/8d4af663993b81a124ee82e610bb31f9-le64.cache-3
7f9a414f6000-7f9a414fe000 r--s 00000000 08:06 4849675                    /var/cache/fontconfig/a98d8961fa319a64d3cfd8640c79e62d-le64.cache-3
7f9a414fe000-7f9a41507000 r--s 00000000 08:06 4851502                    /var/cache/fontconfig/d62e99ef547d1d24cdb1bd22ec1a2976-le64.cache-3
7f9a41507000-7f9a4150a000 ---p 00000000 00:00 0 
7f9a4150a000-7f9a41608000 rw-p 00000000 00:00 0 
7f9a41608000-7f9a41617000 r-xp 00000000 08:06 2884484                    /lib/libbz2.so.1.0.6
7f9a41617000-7f9a41816000 ---p 0000f000 08:06 2884484                    /lib/libbz2.so.1.0.6
7f9a41816000-7f9a41818000 rw-p 0000e000 08:06 2884484                    /lib/libbz2.so.1.0.6
7f9a41818000-7f9a418af000 r-xp 00000000 07:01 5132                       /tmp/cinstall-1000/eclipse-3.7.2-1-x86_64/usr/lib/libfreetype.so.6.7.2
7f9a418af000-7f9a41aae000 ---p 00097000 07:01 5132                       /tmp/cinstall-1000/eclipse-3.7.2-1-x86_64/usr/lib/libfreetype.so.6.7.2
7f9a41aae000-7f9a41ab4000 rw-p 00096000 07:01 5132                       /tmp/cinstall-1000/eclipse-3.7.2-1-x86_64/usr/lib/libfreetype.so.6.7.2
7f9a41ab4000-7f9a41aed000 r-xp 00000000 07:01 5583                       /tmp/cinstall-1000/eclipse-3.7.2-1-x86_64/usr/lib/jvm/java-6-openjdk/jre/lib/amd64/libfontmanager.so
7f9a41aed000-7f9a41ced000 ---p 00039000 07:01 5583                       /tmp/cinstall-1000/eclipse-3.7.2-1-x86_64/usr/lib/jvm/java-6-openjdk/jre/lib/amd64/libfontmanager.so
7f9a41ced000-7f9a41cef000 rw-p 00039000 07:01 5583                       /tmp/cinstall-1000/eclipse-3.7.2-1-x86_64/usr/lib/jvm/java-6-openjdk/jre/lib/amd64/libfontmanager.so
7f9a41cef000-7f9a41cf0000 rw-p 00000000 00:00 0 
7f9a41cf0000-7f9a41cf5000 r-xp 00000000 08:06 5774516                    /usr/lib/libXdmcp.so.6.0.0
7f9a41cf5000-7f9a41ef4000 ---p 00005000 08:06 5774516                    /usr/lib/libXdmcp.so.6.0.0
7f9a41ef4000-7f9a41ef5000 rw-p 00004000 08:06 5774516                    /usr/lib/libXdmcp.so.6.0.0
7f9a41ef5000-7f9a41ef7000 r-xp 00000000 08:06 5774495                    /usr/lib/libXau.so.6.0.0
7f9a41ef7000-7f9a420f6000 ---p 00002000 08:06 5774495                    /usr/lib/libXau.so.6.0.0
7f9a420f6000-7f9a420f7000 rw-p 00001000 08:06 5774495                    /usr/lib/libXau.so.6.0.0
7f9a420f7000-7f9a42114000 r-xp 00000000 08:06 5777297                    /usr/lib/libxcb.so.1.1.0
7f9a42114000-7f9a42314000 ---p 0001d000 08:06 5777297                    /usr/lib/libxcb.so.1.1.0
7f9a42314000-7f9a42315000 rw-p 0001d000 08:06 5777297                    /usr/lib/libxcb.so.1.1.0
7f9a42319000-7f9a4231b000 r--s 00000000 08:06 4849672                    /var/cache/fontconfig/699564f050ff7e0f9dae359f33bc56a5-le64.cache-3
7f9a4231b000-7f9a4231c000 r--s 00000000 08:06 4850731                    /var/cache/fontconfig/e4e854e19093b3a10d48c1d28c821416-le64.cache-3
7f9a4231c000-7f9a42332000 r--s 00000000 08:06 4851514                    /var/cache/fontconfig/8d4af663993b81a124ee82e610bb31f9-le64.cache-3
7f9a42332000-7f9a4233a000 r--s 00000000 08:06 4849675                    /var/cache/fontconfig/a98d8961fa319a64d3cfd8640c79e62d-le64.cache-3
7f9a4233a000-7f9a42343000 r--s 00000000 08:06 4851502                    /var/cache/fontconfig/d62e99ef547d1d24cdb1bd22ec1a2976-le64.cache-3
7f9a42343000-7f9a42351000 r-xp 00000000 07:01 6320                       /tmp/cinstall-1000/eclipse-3.7.2-1-x86_64/usr/lib/libXi.so.6.1.0
7f9a42351000-7f9a42551000 ---p 0000e000 07:01 6320                       /tmp/cinstall-1000/eclipse-3.7.2-1-x86_64/usr/lib/libXi.so.6.1.0
7f9a42551000-7f9a42552000 rw-p 0000e000 07:01 6320                       /tmp/cinstall-1000/eclipse-3.7.2-1-x86_64/usr/lib/libXi.so.6.1.0
7f9a42552000-7f9a42557000 r-xp 00000000 07:01 5026                       /tmp/cinstall-1000/eclipse-3.7.2-1-x86_64/usr/lib/libXtst.so.6.1.0
7f9a42557000-7f9a42757000 ---p 00005000 07:01 5026                       /tmp/cinstall-1000/eclipse-3.7.2-1-x86_64/usr/lib/libXtst.so.6.1.0
7f9a42757000-7f9a42758000 rw-p 00005000 07:01 5026                       /tmp/cinstall-1000/eclipse-3.7.2-1-x86_64/usr/lib/libXtst.so.6.1.0
7f9a42758000-7f9a42761000 r-xp 00000000 07:01 6610                       /tmp/cinstall-1000/eclipse-3.7.2-1-x86_64/usr/lib/libXrender.so.1.3.0
7f9a42761000-7f9a42961000 ---p 00009000 07:01 6610                       /tmp/cinstall-1000/eclipse-3.7.2-1-x86_64/usr/lib/libXrender.so.1.3.0
7f9a42961000-7f9a42962000 rw-p 00009000 07:01 6610                       /tmp/cinstall-1000/eclipse-3.7.2-1-x86_64/usr/lib/libXrender.so.1.3.0
7f9a42962000-7f9a42a98000 r-xp 00000000 07:01 5008                       /tmp/cinstall-1000/eclipse-3.7.2-1-x86_64/usr/lib/libX11.so.6.3.0
7f9a42a98000-7f9a42c98000 ---p 00136000 07:01 5008                       /tmp/cinstall-1000/eclipse-3.7.2-1-x86_64/usr/lib/libX11.so.6.3.0
7f9a42c98000-7f9a42c9e000 rw-p 00136000 07:01 5008                       /tmp/cinstall-1000/eclipse-3.7.2-1-x86_64/usr/lib/libX11.so.6.3.0
7f9a42c9e000-7f9a42caf000 r-xp 00000000 07:01 5064                       /tmp/cinstall-1000/eclipse-3.7.2-1-x86_64/usr/lib/libXext.so.6.4.0
7f9a42caf000-7f9a42eaf000 ---p 00011000 07:01 5064                       /tmp/cinstall-1000/eclipse-3.7.2-1-x86_64/usr/lib/libXext.so.6.4.0
7f9a42eaf000-7f9a42eb0000 rw-p 00011000 07:01 5064                       /tmp/cinstall-1000/eclipse-3.7.2-1-x86_64/usr/lib/libXext.so.6.4.0
7f9a42eb0000-7f9a42efc000 r-xp 00000000 07:01 5584                       /tmp/cinstall-1000/eclipse-3.7.2-1-x86_64/usr/lib/jvm/java-6-openjdk/jre/lib/amd64/xawt/libmawt.so
7f9a42efc000-7f9a430fc000 ---p 0004c000 07:01 5584                       /tmp/cinstall-1000/eclipse-3.7.2-1-x86_64/usr/lib/jvm/java-6-openjdk/jre/lib/amd64/xawt/libmawt.so
7f9a430fc000-7f9a430ff000 rw-p 0004c000 07:01 5584                       /tmp/cinstall-1000/eclipse-3.7.2-1-x86_64/usr/lib/jvm/java-6-openjdk/jre/lib/amd64/xawt/libmawt.so
7f9a430ff000-7f9a43101000 rw-p 00000000 00:00 0 
7f9a43101000-7f9a431ad000 r-xp 00000000 07:01 5592                       /tmp/cinstall-1000/eclipse-3.7.2-1-x86_64/usr/lib/jvm/java-6-openjdk/jre/lib/amd64/libawt.so
7f9a431ad000-7f9a433ad000 ---p 000ac000 07:01 5592                       /tmp/cinstall-1000/eclipse-3.7.2-1-x86_64/usr/lib/jvm/java-6-openjdk/jre/lib/amd64/libawt.so
7f9a433ad000-7f9a433b9000 rw-p 000ac000 07:01 5592                       /tmp/cinstall-1000/eclipse-3.7.2-1-x86_64/usr/lib/jvm/java-6-openjdk/jre/lib/amd64/libawt.so
7f9a433b9000-7f9a433dd000 rw-p 00000000 00:00 0 
7f9a433dd000-7f9a433e0000 r--s 0007d000 07:01 6098                       /tmp/cinstall-1000/eclipse-3.7.2-1-x86_64/usr/lib/jvm/java-6-openjdk/jre/lib/jsse.jar
7f9a433e0000-7f9a433eb000 r--s 00093000 08:05 1574234                    /home/isak/workspace/GrandLittleBattlefield/lib/slick.jar
7f9a433eb000-7f9a433f7000 r--s 000d8000 08:05 1574232                    /home/isak/workspace/GrandLittleBattlefield/lib/lwjgl.jar
7f9a433f7000-7f9a433f8000 ---p 00000000 00:00 0 
7f9a433f8000-7f9a434f8000 rw-p 00000000 00:00 0 
7f9a434f8000-7f9a434fb000 ---p 00000000 00:00 0 
7f9a434fb000-7f9a435f9000 rw-p 00000000 00:00 0 
7f9a435f9000-7f9a435fc000 ---p 00000000 00:00 0 
7f9a435fc000-7f9a436fa000 rw-p 00000000 00:00 0 
7f9a436fa000-7f9a436fd000 ---p 00000000 00:00 0 
7f9a436fd000-7f9a437fb000 rw-p 00000000 00:00 0 
7f9a437fb000-7f9a437fe000 ---p 00000000 00:00 0 
7f9a437fe000-7f9a438fc000 rw-p 00000000 00:00 0 
7f9a438fc000-7f9a43bf7000 r--p 00000000 08:06 5906316                    /usr/lib/locale/locale-archive
7f9a43bf7000-7f9a43bfa000 ---p 00000000 00:00 0 
7f9a43bfa000-7f9a43cf8000 rw-p 00000000 00:00 0 
7f9a43cf8000-7f9a43cfb000 ---p 00000000 00:00 0 
7f9a43cfb000-7f9a43df9000 rw-p 00000000 00:00 0 
7f9a43df9000-7f9a43dfa000 ---p 00000000 00:00 0 
7f9a43dfa000-7f9a44230000 rw-p 00000000 00:00 0 
7f9a44230000-7f9a443c1000 r--s 037b1000 07:01 6063                       /tmp/cinstall-1000/eclipse-3.7.2-1-x86_64/usr/lib/jvm/java-6-openjdk/jre/lib/rt.jar
7f9a443c1000-7f9a443c2000 ---p 00000000 00:00 0 
7f9a443c2000-7f9a444c2000 rw-p 00000000 00:00 0 
7f9a444c2000-7f9a444c3000 ---p 00000000 00:00 0 
7f9a444c3000-7f9a445ce000 rw-p 00000000 00:00 0 
7f9a445ce000-7f9a44616000 rw-p 00000000 00:00 0 
7f9a44616000-7f9a4462b000 rw-p 00000000 00:00 0 
7f9a4462b000-7f9a44760000 rw-p 00000000 00:00 0 
7f9a44760000-7f9a4476b000 rw-p 00000000 00:00 0 
7f9a4476b000-7f9a447b3000 rw-p 00000000 00:00 0 
7f9a447b3000-7f9a447c8000 rw-p 00000000 00:00 0 
7f9a447c8000-7f9a448fd000 rw-p 00000000 00:00 0 
7f9a448fd000-7f9a44908000 rw-p 00000000 00:00 0 
7f9a44908000-7f9a449a2000 rw-p 00000000 00:00 0 
7f9a449a2000-7f9a449a3000 rw-p 00000000 00:00 0 
7f9a449a3000-7f9a44c13000 rwxp 00000000 00:00 0 
7f9a44c13000-7f9a479a3000 rw-p 00000000 00:00 0 
7f9a479a3000-7f9a479aa000 r-xp 00000000 07:01 5571                       /tmp/cinstall-1000/eclipse-3.7.2-1-x86_64/usr/lib/jvm/java-6-openjdk/jre/lib/amd64/libzip.so
7f9a479aa000-7f9a47ba9000 ---p 00007000 07:01 5571                       /tmp/cinstall-1000/eclipse-3.7.2-1-x86_64/usr/lib/jvm/java-6-openjdk/jre/lib/amd64/libzip.so
7f9a47ba9000-7f9a47baa000 rw-p 00006000 07:01 5571                       /tmp/cinstall-1000/eclipse-3.7.2-1-x86_64/usr/lib/jvm/java-6-openjdk/jre/lib/amd64/libzip.so
7f9a47baa000-7f9a47bb6000 r-xp 00000000 08:06 2884578                    /lib/libnss_files-2.15.so
7f9a47bb6000-7f9a47db5000 ---p 0000c000 08:06 2884578                    /lib/libnss_files-2.15.so
7f9a47db5000-7f9a47db6000 r--p 0000b000 08:06 2884578                    /lib/libnss_files-2.15.so
7f9a47db6000-7f9a47db7000 rw-p 0000c000 08:06 2884578                    /lib/libnss_files-2.15.so
7f9a47db7000-7f9a47dbf000 r-xp 00000000 07:01 5590                       /tmp/cinstall-1000/eclipse-3.7.2-1-x86_64/usr/lib/jvm/java-6-openjdk/jre/lib/amd64/native_threads/libhpi.so
7f9a47dbf000-7f9a47fbe000 ---p 00008000 07:01 5590                       /tmp/cinstall-1000/eclipse-3.7.2-1-x86_64/usr/lib/jvm/java-6-openjdk/jre/lib/amd64/native_threads/libhpi.so
7f9a47fbe000-7f9a47fc0000 rw-p 00007000 07:01 5590                       /tmp/cinstall-1000/eclipse-3.7.2-1-x86_64/usr/lib/jvm/java-6-openjdk/jre/lib/amd64/native_threads/libhpi.so
7f9a47fc0000-7f9a47fd5000 r-xp 00000000 08:06 2884532                    /lib/libnsl-2.15.so
7f9a47fd5000-7f9a481d4000 ---p 00015000 08:06 2884532                    /lib/libnsl-2.15.so
7f9a481d4000-7f9a481d5000 r--p 00014000 08:06 2884532                    /lib/libnsl-2.15.so
7f9a481d5000-7f9a481d6000 rw-p 00015000 08:06 2884532                    /lib/libnsl-2.15.so
7f9a481d6000-7f9a481d8000 rw-p 00000000 00:00 0 
7f9a481d8000-7f9a48205000 r-xp 00000000 07:01 5602                       /tmp/cinstall-1000/eclipse-3.7.2-1-x86_64/usr/lib/jvm/java-6-openjdk/jre/lib/amd64/libjava.so
7f9a48205000-7f9a48404000 ---p 0002d000 07:01 5602                       /tmp/cinstall-1000/eclipse-3.7.2-1-x86_64/usr/lib/jvm/java-6-openjdk/jre/lib/amd64/libjava.so
7f9a48404000-7f9a48408000 rw-p 0002c000 07:01 5602                       /tmp/cinstall-1000/eclipse-3.7.2-1-x86_64/usr/lib/jvm/java-6-openjdk/jre/lib/amd64/libjava.so
7f9a48408000-7f9a48416000 r-xp 00000000 07:01 5591                       /tmp/cinstall-1000/eclipse-3.7.2-1-x86_64/usr/lib/jvm/java-6-openjdk/jre/lib/amd64/libverify.so
7f9a48416000-7f9a48615000 ---p 0000e000 07:01 5591                       /tmp/cinstall-1000/eclipse-3.7.2-1-x86_64/usr/lib/jvm/java-6-openjdk/jre/lib/amd64/libverify.so
7f9a48615000-7f9a48617000 rw-p 0000d000 07:01 5591                       /tmp/cinstall-1000/eclipse-3.7.2-1-x86_64/usr/lib/jvm/java-6-openjdk/jre/lib/amd64/libverify.so
7f9a48617000-7f9a4861e000 r-xp 00000000 08:06 2884540                    /lib/librt-2.15.so
7f9a4861e000-7f9a4881d000 ---p 00007000 08:06 2884540                    /lib/librt-2.15.so
7f9a4881d000-7f9a4881e000 r--p 00006000 08:06 2884540                    /lib/librt-2.15.so
7f9a4881e000-7f9a4881f000 rw-p 00007000 08:06 2884540                    /lib/librt-2.15.so
7f9a4881f000-7f9a48834000 r-xp 00000000 07:01 6295                       /tmp/cinstall-1000/eclipse-3.7.2-1-x86_64/usr/lib/libgcc_s.so.1
7f9a48834000-7f9a48a34000 ---p 00015000 07:01 6295                       /tmp/cinstall-1000/eclipse-3.7.2-1-x86_64/usr/lib/libgcc_s.so.1
7f9a48a34000-7f9a48a35000 rw-p 00015000 07:01 6295                       /tmp/cinstall-1000/eclipse-3.7.2-1-x86_64/usr/lib/libgcc_s.so.1
7f9a48a35000-7f9a48b28000 r-xp 00000000 08:06 2884467                    /lib/libm-2.15.so
7f9a48b28000-7f9a48d28000 ---p 000f3000 08:06 2884467                    /lib/libm-2.15.so
7f9a48d28000-7f9a48d29000 r--p 000f3000 08:06 2884467                    /lib/libm-2.15.so
7f9a48d29000-7f9a48d2a000 rw-p 000f4000 08:06 2884467                    /lib/libm-2.15.so
7f9a48d2a000-7f9a48e15000 r-xp 00000000 07:01 5129                       /tmp/cinstall-1000/eclipse-3.7.2-1-x86_64/usr/lib/libstdc++.so.6.0.16
7f9a48e15000-7f9a49015000 ---p 000eb000 07:01 5129                       /tmp/cinstall-1000/eclipse-3.7.2-1-x86_64/usr/lib/libstdc++.so.6.0.16
7f9a49015000-7f9a4901d000 r--p 000eb000 07:01 5129                       /tmp/cinstall-1000/eclipse-3.7.2-1-x86_64/usr/lib/libstdc++.so.6.0.16
7f9a4901d000-7f9a4901f000 rw-p 000f3000 07:01 5129                       /tmp/cinstall-1000/eclipse-3.7.2-1-x86_64/usr/lib/libstdc++.so.6.0.16
7f9a4901f000-7f9a49034000 rw-p 00000000 00:00 0 
7f9a49034000-7f9a49872000 r-xp 00000000 07:01 5587                       /tmp/cinstall-1000/eclipse-3.7.2-1-x86_64/usr/lib/jvm/java-6-openjdk/jre/lib/amd64/server/libjvm.so
7f9a49872000-7f9a49a71000 ---p 0083e000 07:01 5587                       /tmp/cinstall-1000/eclipse-3.7.2-1-x86_64/usr/lib/jvm/java-6-openjdk/jre/lib/amd64/server/libjvm.so
7f9a49a71000-7f9a49b00000 rw-p 0083d000 07:01 5587                       /tmp/cinstall-1000/eclipse-3.7.2-1-x86_64/usr/lib/jvm/java-6-openjdk/jre/lib/amd64/server/libjvm.so
7f9a49b00000-7f9a49b28000 rw-p 00000000 00:00 0 
7f9a49b28000-7f9a49ca6000 r-xp 00000000 07:01 6632                       /tmp/cinstall-1000/eclipse-3.7.2-1-x86_64/lib/libc.so.6
7f9a49ca6000-7f9a49ea5000 ---p 0017e000 07:01 6632                       /tmp/cinstall-1000/eclipse-3.7.2-1-x86_64/lib/libc.so.6
7f9a49ea5000-7f9a49ea9000 r--p 0017d000 07:01 6632                       /tmp/cinstall-1000/eclipse-3.7.2-1-x86_64/lib/libc.so.6
7f9a49ea9000-7f9a49eaa000 rw-p 00181000 07:01 6632                       /tmp/cinstall-1000/eclipse-3.7.2-1-x86_64/lib/libc.so.6
7f9a49eaa000-7f9a49eaf000 rw-p 00000000 00:00 0 
7f9a49eaf000-7f9a49eb1000 r-xp 00000000 07:01 6634                       /tmp/cinstall-1000/eclipse-3.7.2-1-x86_64/lib/libdl.so.2
7f9a49eb1000-7f9a4a0b1000 ---p 00002000 07:01 6634                       /tmp/cinstall-1000/eclipse-3.7.2-1-x86_64/lib/libdl.so.2
7f9a4a0b1000-7f9a4a0b2000 r--p 00002000 07:01 6634                       /tmp/cinstall-1000/eclipse-3.7.2-1-x86_64/lib/libdl.so.2
7f9a4a0b2000-7f9a4a0b3000 rw-p 00003000 07:01 6634                       /tmp/cinstall-1000/eclipse-3.7.2-1-x86_64/lib/libdl.so.2
7f9a4a0b3000-7f9a4a0b7000 r-xp 00000000 07:01 5594                       /tmp/cinstall-1000/eclipse-3.7.2-1-x86_64/usr/lib/jvm/java-6-openjdk/jre/lib/amd64/jli/libjli.so
7f9a4a0b7000-7f9a4a2b6000 ---p 00004000 07:01 5594                       /tmp/cinstall-1000/eclipse-3.7.2-1-x86_64/usr/lib/jvm/java-6-openjdk/jre/lib/amd64/jli/libjli.so
7f9a4a2b6000-7f9a4a2b7000 rw-p 00003000 07:01 5594                       /tmp/cinstall-1000/eclipse-3.7.2-1-x86_64/usr/lib/jvm/java-6-openjdk/jre/lib/amd64/jli/libjli.so
7f9a4a2b7000-7f9a4a2ce000 r-xp 00000000 07:01 6633                       /tmp/cinstall-1000/eclipse-3.7.2-1-x86_64/lib/libpthread.so.0
7f9a4a2ce000-7f9a4a4ce000 ---p 00017000 07:01 6633                       /tmp/cinstall-1000/eclipse-3.7.2-1-x86_64/lib/libpthread.so.0
7f9a4a4ce000-7f9a4a4cf000 r--p 00017000 07:01 6633                       /tmp/cinstall-1000/eclipse-3.7.2-1-x86_64/lib/libpthread.so.0
7f9a4a4cf000-7f9a4a4d0000 rw-p 00018000 07:01 6633                       /tmp/cinstall-1000/eclipse-3.7.2-1-x86_64/lib/libpthread.so.0
7f9a4a4d0000-7f9a4a4d4000 rw-p 00000000 00:00 0 
7f9a4a4d4000-7f9a4a4ec000 r-xp 00000000 07:01 6114                       /tmp/cinstall-1000/eclipse-3.7.2-1-x86_64/usr/lib/libz.so.1.2.5
7f9a4a4ec000-7f9a4a6eb000 ---p 00018000 07:01 6114                       /tmp/cinstall-1000/eclipse-3.7.2-1-x86_64/usr/lib/libz.so.1.2.5
7f9a4a6eb000-7f9a4a6ec000 rw-p 00017000 07:01 6114                       /tmp/cinstall-1000/eclipse-3.7.2-1-x86_64/usr/lib/libz.so.1.2.5
7f9a4a6ec000-7f9a4a70d000 r-xp 00000000 08:06 2884542                    /lib/ld-2.15.so
7f9a4a70d000-7f9a4a70e000 rw-s 00005000 00:05 10457                      /dev/ati/card0
7f9a4a70e000-7f9a4a710000 rw-s 00002000 00:05 10457                      /dev/ati/card0
7f9a4a710000-7f9a4a712000 r--s 00000000 08:06 4849672                    /var/cache/fontconfig/699564f050ff7e0f9dae359f33bc56a5-le64.cache-3
7f9a4a712000-7f9a4a713000 r--s 00000000 08:06 4850731                    /var/cache/fontconfig/e4e854e19093b3a10d48c1d28c821416-le64.cache-3
7f9a4a713000-7f9a4a714000 r--s 00006000 08:05 1574231                    /home/isak/workspace/GrandLittleBattlefield/lib/artemis.jar
7f9a4a714000-7f9a4a746000 rw-p 00000000 00:00 0 
7f9a4a746000-7f9a4a7fc000 rw-p 00000000 00:00 0 
7f9a4a7fc000-7f9a4a804000 rw-s 00000000 08:06 3276859                    /tmp/hsperfdata_isak/5278 (deleted)
7f9a4a804000-7f9a4a805000 rw-p 00000000 00:00 0 
7f9a4a805000-7f9a4a806000 ---p 00000000 00:00 0 
7f9a4a806000-7f9a4a809000 ---p 00000000 00:00 0 
7f9a4a809000-7f9a4a90d000 rw-p 00000000 00:00 0 
7f9a4a90d000-7f9a4a90e000 r--p 00021000 08:06 2884542                    /lib/ld-2.15.so
7f9a4a90e000-7f9a4a90f000 rw-p 00022000 08:06 2884542                    /lib/ld-2.15.so
7f9a4a90f000-7f9a4a910000 rw-p 00000000 00:00 0 
7fff9bc33000-7fff9bc54000 rw-p 00000000 00:00 0                          [stack]
7fff9bd54000-7fff9bd55000 r-xp 00000000 00:00 0                          [vdso]
ffffffffff600000-ffffffffff601000 r-xp 00000000 00:00 0                  [vsyscall]

VM Arguments:
jvm_args: -Djava.library.path=/home/isak/workspace/GrandLittleBattlefield/lib/native -Dfile.encoding=UTF-8 
java_command: glb.GameInit
Launcher Type: SUN_STANDARD

Environment Variables:
JAVA_HOME=/tmp/cinstall-1000/eclipse-3.7.2-1-x86_64/usr/lib/jvm/java-6-openjdk/bin
PATH=/tmp/cinstall-1000/eclipse-3.7.2-1-x86_64/usr/lib/jvm/java-6-openjdk/bin:/home/isak/.rvm/gems/ruby-1.9.3-p194/bin:/home/isak/.rvm/gems/ruby-1.9.3-p194@global/bin:/home/isak/.rvm/rubies/ruby-1.9.3-p194/bin:/home/isak/.rvm/bin:/usr/local/bin:/usr/bin:/bin:/usr/local/sbin:/usr/sbin:/sbin:/home/isak/.cinstall/launchers/:/usr/bin/core_perl
LD_LIBRARY_PATH=/tmp/cinstall-1000/eclipse-3.7.2-1-x86_64/usr/lib/jvm/java-6-openjdk/jre/lib/amd64/server:/tmp/cinstall-1000/eclipse-3.7.2-1-x86_64/usr/lib/jvm/java-6-openjdk/jre/lib/amd64:/tmp/cinstall-1000/eclipse-3.7.2-1-x86_64/usr/lib/jvm/java-6-openjdk/jre/../lib/amd64:/tmp/cinstall-1000/eclipse-3.7.2-1-x86_64/usr/lib:/tmp/cinstall-1000/eclipse-3.7.2-1-x86_64/lib
SHELL=/bin/bash
DISPLAY=:0

Signal Handlers:
SIGSEGV: [libjvm.so+0x6d9f90], sa_mask[0]=0x7ffbfeff, sa_flags=0x10000004
SIGBUS: [libjvm.so+0x6d9f90], sa_mask[0]=0x7ffbfeff, sa_flags=0x10000004
SIGFPE: [libjvm.so+0x59e3f0], sa_mask[0]=0x7ffbfeff, sa_flags=0x10000004
SIGPIPE: [libjvm.so+0x59e3f0], sa_mask[0]=0x7ffbfeff, sa_flags=0x10000004
SIGXFSZ: [libjvm.so+0x59e3f0], sa_mask[0]=0x7ffbfeff, sa_flags=0x10000004
SIGILL: [libjvm.so+0x59e3f0], sa_mask[0]=0x7ffbfeff, sa_flags=0x10000004
SIGUSR1: SIG_DFL, sa_mask[0]=0x00000000, sa_flags=0x00000000
SIGUSR2: [libjvm.so+0x59e580], sa_mask[0]=0x00000004, sa_flags=0x10000004
SIGHUP: [libjvm.so+0x5a0e80], sa_mask[0]=0x7ffbfeff, sa_flags=0x10000004
SIGINT: [libjvm.so+0x5a0e80], sa_mask[0]=0x7ffbfeff, sa_flags=0x10000004
SIGTERM: [libjvm.so+0x5a0e80], sa_mask[0]=0x7ffbfeff, sa_flags=0x10000004
SIGQUIT: [libjvm.so+0x5a0e80], sa_mask[0]=0x7ffbfeff, sa_flags=0x10000004


---------------  S Y S T E M  ---------------

OS:"Chakra" "2012.04.14" ("Archimedes")
uname:Linux 3.2-CHAKRA #1 SMP PREEMPT Tue Feb 28 14:55:18 UTC 2012 x86_64
libc:glibc 2.14.1 NPTL 2.14.1 
rlimit: STACK 8192k, CORE 0k, NPROC 31619, NOFILE 4096, AS infinity
load average:0.14 0.12 0.16

/proc/meminfo:
MemTotal:        4052328 kB
MemFree:          112384 kB
Buffers:          158832 kB
Cached:          1409160 kB
SwapCached:          776 kB
Active:          2332712 kB
Inactive:        1228844 kB
Active(anon):    1624992 kB
Inactive(anon):   394716 kB
Active(file):     707720 kB
Inactive(file):   834128 kB
Unevictable:         132 kB
Mlocked:             132 kB
SwapTotal:       3997692 kB
SwapFree:        3991856 kB
Dirty:               292 kB
Writeback:             0 kB
AnonPages:       1993236 kB
Mapped:           267152 kB
Shmem:             26020 kB
Slab:             113180 kB
SReclaimable:      79884 kB
SUnreclaim:        33296 kB
KernelStack:        3456 kB
PageTables:        43052 kB
NFS_Unstable:          0 kB
Bounce:                0 kB
WritebackTmp:          0 kB
CommitLimit:     6023856 kB
Committed_AS:    3673820 kB
VmallocTotal:   34359738367 kB
VmallocUsed:      105964 kB
VmallocChunk:   34359626068 kB
HardwareCorrupted:     0 kB
AnonHugePages:         0 kB
HugePages_Total:       0
HugePages_Free:        0
HugePages_Rsvd:        0
HugePages_Surp:        0
Hugepagesize:       2048 kB
DirectMap4k:     1334144 kB
DirectMap2M:     2859008 kB


CPU:total 2 (2 cores per cpu, 1 threads per core) family 6 model 23 stepping 6, cmov, cx8, fxsr, mmx, sse, sse2, sse3, ssse3, sse4.1

Memory: 4k page, physical 4052328k(112384k free), swap 3997692k(3991856k free)

vm_info: OpenJDK 64-Bit Server VM (19.0-b09) for linux-amd64 JRE (1.6.0_22-b22), built on Jan  2 2012 01:17:16 by "chakrapony" with gcc 4.6.2

time: Mon May 21 22:24:10 2012
elapsed time: 9 seconds

