#
# A fatal error has been detected by the Java Runtime Environment:
#
#  SIGSEGV (0xb) at pc=0x00007fdc68f0adb8, pid=4650, tid=140584652539648
#
# JRE version: 6.0_22-b22
# Java VM: OpenJDK 64-Bit Server VM (19.0-b09 mixed mode linux-amd64 compressed oops)
# Derivative: IcedTea6 1.10.4
# Distribution: Custom build (Mon Jan  2 01:10:45 UTC 2012)
# Problematic frame:
# C  [libX11.so.6+0x39db8]  XQueryExtension+0x28
#
# If you would like to submit a bug report, please include
# instructions how to reproduce the bug and visit:
#   http://icedtea.classpath.org/bugzilla
#

---------------  T H R E A D  ---------------

Current thread (0x000000000168f000):  VMThread [stack: 0x00007fdc6a368000,0x00007fdc6a469000] [id=4658]

siginfo:si_signo=SIGSEGV: si_errno=0, si_code=1 (SEGV_MAPERR), si_addr=0x0000000064133bf8

Registers:
RAX=0x00000000016c4d00, RBX=0x0000000064133290, RCX=0x00007fdc6a4679d8, RDX=0x00007fdc6a4679d4
RSP=0x00007fdc6a467970, RBP=0x00007fdc62818932, RSI=0x00007fdc62818932, RDI=0x0000000064133290
R8 =0x00007fdc6a4679dc, R9 =0x0000000000000000, R10=0x00007fdc7041b9a8, R11=0x00007fdc700ce7d0
R12=0x00007fdc6a4679d4, R13=0x00000000016c4d00, R14=0x00000000016c4d00, R15=0x0000000000000000
RIP=0x00007fdc68f0adb8, EFL=0x0000000000010202, CSGSFS=0x0000000000000033, ERR=0x0000000000000004
  TRAPNO=0x000000000000000e

Register to memory mapping:

RAX=0x00000000016c4d00
0x00000000016c4d00 is pointing to unknown location

RBX=0x0000000064133290
0x0000000064133290 is pointing to unknown location

RCX=0x00007fdc6a4679d8
0x00007fdc6a4679d8 is pointing to unknown location

RDX=0x00007fdc6a4679d4
0x00007fdc6a4679d4 is pointing to unknown location

RSP=0x00007fdc6a467970
0x00007fdc6a467970 is pointing to unknown location

RBP=0x00007fdc62818932
0x00007fdc62818932: <offset 0x96932> in /usr/lib/libGL.so.1 at 0x00007fdc62782000

RSI=0x00007fdc62818932
0x00007fdc62818932: <offset 0x96932> in /usr/lib/libGL.so.1 at 0x00007fdc62782000

RDI=0x0000000064133290
0x0000000064133290 is pointing to unknown location

R8 =0x00007fdc6a4679dc
0x00007fdc6a4679dc is pointing to unknown location

R9 =0x0000000000000000
0x0000000000000000 is pointing to unknown location

R10=0x00007fdc7041b9a8
0x00007fdc7041b9a8: <offset 0x3849a8> in /tmp/cinstall-1000/eclipse-3.7.2-1-x86_64/lib/libc.so.6 at 0x00007fdc70097000

R11=0x00007fdc700ce7d0
0x00007fdc700ce7d0: __cxa_finalize+0 in /tmp/cinstall-1000/eclipse-3.7.2-1-x86_64/lib/libc.so.6 at 0x00007fdc70097000

R12=0x00007fdc6a4679d4
0x00007fdc6a4679d4 is pointing to unknown location

R13=0x00000000016c4d00
0x00000000016c4d00 is pointing to unknown location

R14=0x00000000016c4d00
0x00000000016c4d00 is pointing to unknown location

R15=0x0000000000000000
0x0000000000000000 is pointing to unknown location


Top of Stack: (sp=0x00007fdc6a467970)
0x00007fdc6a467970:   00007fdc700a56a8 00007fdc70e79000
0x00007fdc6a467980:   0000000001631cd0 00007fdc6a467b08
0x00007fdc6a467990:   00007fdc6b00466c 0000000064133290
0x00007fdc6a4679a0:   00007fdc62818932 0000000000000000
0x00007fdc6a4679b0:   00000000016c4d00 00000000016c4d00
0x00007fdc6a4679c0:   0000000000000000 00007fdc68efe765
0x00007fdc6a4679d0:   0000000000000000 00007fdc62951520
0x00007fdc6a4679e0:   00007fdc62951520 0000000064133290
0x00007fdc6a4679f0:   0000000000000011 00007fdc6921adb2
0x00007fdc6a467a00:   00007fdc6a467aa0 00007fdc70c68c85
0x00007fdc6a467a10:   00007fdc64137fe0 00007fdc62818932
0x00007fdc6a467a20:   00007fdc64121080 0000000000000000
0x00007fdc6a467a30:   00007fdc6a467aa0 0000000064133290
0x00007fdc6a467a40:   00007fdc6a467b98 00007fdc6a467c18
0x00007fdc6a467a50:   00007fdc6296ad50 00007fdc627bf119
0x00007fdc6a467a60:   0000000000000000 00007fdc641349c0
0x00007fdc6a467a70:   00007fdc6a467aa0 00007fdc6e743d48
0x00007fdc6a467a80:   00007fdc6a467b98 00007fdc6a467c18
0x00007fdc6a467a90:   00000000ffffffff 00007fdc627b5b42
0x00007fdc6a467aa0:   00007fdc6a467c90 00007fdc628188b1
0x00007fdc6a467ab0:   00007fdc6a467c90 00007fdc70c69e8f
0x00007fdc6a467ac0:   00007fdc70e7e188 00007fdc70e7e718
0x00007fdc6a467ad0:   00007fdc70e7a540 00000000016282d0
0x00007fdc6a467ae0:   000000000162b250 000000000162fa70
0x00007fdc6a467af0:   00007fdc64041a50 00007fdc64041f50
0x00007fdc6a467b00:   00007fdc70e7ba58 00007fdc64042400
0x00007fdc6a467b10:   00007fdc64120700 00007fdc641170c0
0x00007fdc6a467b20:   00007fdc6410ff80 00007fdc64110420
0x00007fdc6a467b30:   00007fdc6403aec0 00007fdc6404eff0
0x00007fdc6a467b40:   00007fdc6404f490 00007fdc6400e4d0
0x00007fdc6a467b50:   0000000001626f50 0000000001627580
0x00007fdc6a467b60:   0000000001626810 0000000001621860 

Instructions: (pc=0x00007fdc68f0adb8)
0x00007fdc68f0ada8:   89 d4 4c 89 74 24 f0 4c 89 7c 24 f8 48 83 ec 58
0x00007fdc68f0adb8:   48 8b 87 68 09 00 00 49 89 f5 48 89 cd 4d 89 c6 

Stack: [0x00007fdc6a368000,0x00007fdc6a469000],  sp=0x00007fdc6a467970,  free space=1022k
Native frames: (J=compiled Java code, j=interpreted, Vv=VM code, C=native code)
C  [libX11.so.6+0x39db8]  XQueryExtension+0x28

VM_Operation (0x00007fdc70e746a0): Exit, mode: safepoint, requested by thread 0x000000000162b800


---------------  P R O C E S S  ---------------

Java Threads: ( => current thread )
  0x00007fdc645fc000 JavaThread "Thread-1" [_thread_blocked, id=4676, stack(0x00007fdc6298b000,0x00007fdc62a8c000)]
  0x00007fdc64116000 JavaThread "AWT-XAWT" daemon [_thread_in_native, id=4668, stack(0x00007fdc63604000,0x00007fdc63705000)]
  0x00007fdc640a8000 JavaThread "Java2D Disposer" daemon [_thread_blocked, id=4667, stack(0x00007fdc63a53000,0x00007fdc63b54000)]
  0x00000000016c5000 JavaThread "Low Memory Detector" daemon [_thread_blocked, id=4665, stack(0x00007fdc69a67000,0x00007fdc69b68000)]
  0x00000000016c1000 JavaThread "CompilerThread1" daemon [_thread_blocked, id=4664, stack(0x00007fdc69b68000,0x00007fdc69c69000)]
  0x00000000016be000 JavaThread "CompilerThread0" daemon [_thread_blocked, id=4663, stack(0x00007fdc69c69000,0x00007fdc69d6a000)]
  0x00000000016bc800 JavaThread "Signal Dispatcher" daemon [_thread_blocked, id=4662, stack(0x00007fdc69d6a000,0x00007fdc69e6b000)]
  0x0000000001698000 JavaThread "Finalizer" daemon [_thread_blocked, id=4660, stack(0x00007fdc6a166000,0x00007fdc6a267000)]
  0x0000000001696000 JavaThread "Reference Handler" daemon [_thread_blocked, id=4659, stack(0x00007fdc6a267000,0x00007fdc6a368000)]
  0x000000000162b800 JavaThread "main" [_thread_blocked, id=4653, stack(0x00007fdc70d75000,0x00007fdc70e76000)]

Other Threads:
=>0x000000000168f000 VMThread [stack: 0x00007fdc6a368000,0x00007fdc6a469000] [id=4658]

VM state:at safepoint (shutting down)

VM Mutex/Monitor currently owned by a thread:  ([mutex/lock_event])
[0x00000000016298a0] Threads_lock - owner thread: 0x000000000168f000

Heap
 PSYoungGen      total 18496K, used 15198K [0x00000000eb600000, 0x00000000ecaa0000, 0x0000000100000000)
  eden space 15872K, 82% used [0x00000000eb600000,0x00000000ec2db010,0x00000000ec580000)
  from space 2624K, 77% used [0x00000000ec580000,0x00000000ec77c910,0x00000000ec810000)
  to   space 2624K, 0% used [0x00000000ec810000,0x00000000ec810000,0x00000000ecaa0000)
 PSOldGen        total 42240K, used 0K [0x00000000c2200000, 0x00000000c4b40000, 0x00000000eb600000)
  object space 42240K, 0% used [0x00000000c2200000,0x00000000c2200000,0x00000000c4b40000)
 PSPermGen       total 21248K, used 10295K [0x00000000b7c00000, 0x00000000b90c0000, 0x00000000c2200000)
  object space 21248K, 48% used [0x00000000b7c00000,0x00000000b860de20,0x00000000b90c0000)

Dynamic libraries:
00400000-00408000 r-xp 00000000 07:01 5263                               /tmp/cinstall-1000/eclipse-3.7.2-1-x86_64/usr/lib/jvm/java-6-openjdk/bin/java
00608000-00609000 rw-p 00008000 07:01 5263                               /tmp/cinstall-1000/eclipse-3.7.2-1-x86_64/usr/lib/jvm/java-6-openjdk/bin/java
01621000-02297000 rw-p 00000000 00:00 0                                  [heap]
b7c00000-b90c0000 rw-p 00000000 00:00 0 
b90c0000-c2200000 rw-p 00000000 00:00 0 
c2200000-c4b40000 rw-p 00000000 00:00 0 
c4b40000-eb600000 rw-p 00000000 00:00 0 
eb600000-ecaa0000 rw-p 00000000 00:00 0 
ecaa0000-100000000 rw-p 00000000 00:00 0 
7fdc5f861000-7fdc5f8a9000 rw-p 00000000 00:00 0 
7fdc5f8a9000-7fdc5ffa9000 rw-s 00006000 00:05 10457                      /dev/ati/card0
7fdc5ffa9000-7fdc60026000 rw-p 00000000 00:00 0 
7fdc60026000-7fdc60028000 r-xp 00000000 08:06 5774538                    /usr/lib/libXinerama.so.1.0.0
7fdc60028000-7fdc60227000 ---p 00002000 08:06 5774538                    /usr/lib/libXinerama.so.1.0.0
7fdc60227000-7fdc60228000 rw-p 00001000 08:06 5774538                    /usr/lib/libXinerama.so.1.0.0
7fdc60228000-7fdc60263000 r-xp 00000000 08:06 5769939                    /usr/lib/libatiadlxx.so
7fdc60263000-7fdc60363000 ---p 0003b000 08:06 5769939                    /usr/lib/libatiadlxx.so
7fdc60363000-7fdc6036c000 rw-p 0003b000 08:06 5769939                    /usr/lib/libatiadlxx.so
7fdc6036c000-7fdc6037d000 rw-p 00000000 00:00 0 
7fdc603ab000-7fdc603b2000 r-xp 00000000 08:06 5769938                    /usr/lib/libatiuki.so.1.0
7fdc603b2000-7fdc604b2000 ---p 00007000 08:06 5769938                    /usr/lib/libatiuki.so.1.0
7fdc604b2000-7fdc604b3000 rw-p 00007000 08:06 5769938                    /usr/lib/libatiuki.so.1.0
7fdc604b3000-7fdc604b4000 rw-p 00000000 00:00 0 
7fdc604b4000-7fdc6240e000 r-xp 00000000 08:06 400255                     /usr/lib/xorg/modules/dri/fglrx_dri.so
7fdc6240e000-7fdc6250e000 ---p 01f5a000 08:06 400255                     /usr/lib/xorg/modules/dri/fglrx_dri.so
7fdc6250e000-7fdc6265c000 rwxp 01f5a000 08:06 400255                     /usr/lib/xorg/modules/dri/fglrx_dri.so
7fdc6265c000-7fdc62782000 rwxp 00000000 00:00 0 
7fdc62782000-7fdc62845000 r-xp 00000000 08:06 5770805                    /usr/lib/fglrx/fglrx-libGL.so.1.2
7fdc62845000-7fdc62944000 ---p 000c3000 08:06 5770805                    /usr/lib/fglrx/fglrx-libGL.so.1.2
7fdc62944000-7fdc6296b000 rwxp 000c2000 08:06 5770805                    /usr/lib/fglrx/fglrx-libGL.so.1.2
7fdc6296b000-7fdc6298b000 rwxp 00000000 00:00 0 
7fdc6298b000-7fdc6298e000 ---p 00000000 00:00 0 
7fdc6298e000-7fdc62a8c000 rw-p 00000000 00:00 0 
7fdc62a8c000-7fdc62a91000 r-xp 00000000 08:06 5774582                    /usr/lib/libXxf86vm.so.1.0.0
7fdc62a91000-7fdc62c90000 ---p 00005000 08:06 5774582                    /usr/lib/libXxf86vm.so.1.0.0
7fdc62c90000-7fdc62c91000 rw-p 00004000 08:06 5774582                    /usr/lib/libXxf86vm.so.1.0.0
7fdc62c91000-7fdc62c99000 r-xp 00000000 08:06 5774551                    /usr/lib/libXrandr.so.2.2.0
7fdc62c99000-7fdc62e98000 ---p 00008000 08:06 5774551                    /usr/lib/libXrandr.so.2.2.0
7fdc62e98000-7fdc62e99000 rw-p 00007000 08:06 5774551                    /usr/lib/libXrandr.so.2.2.0
7fdc62e99000-7fdc62f00000 r-xp 00000000 08:05 1574238                    /home/isak/workspace/GrandLittleBattlefield/lib/native/liblwjgl64.so
7fdc62f00000-7fdc63100000 ---p 00067000 08:05 1574238                    /home/isak/workspace/GrandLittleBattlefield/lib/native/liblwjgl64.so
7fdc63100000-7fdc63102000 r--p 00067000 08:05 1574238                    /home/isak/workspace/GrandLittleBattlefield/lib/native/liblwjgl64.so
7fdc63102000-7fdc63103000 rw-p 00069000 08:05 1574238                    /home/isak/workspace/GrandLittleBattlefield/lib/native/liblwjgl64.so
7fdc63103000-7fdc63104000 r-xp 00000000 07:01 5577                       /tmp/cinstall-1000/eclipse-3.7.2-1-x86_64/usr/lib/jvm/java-6-openjdk/jre/lib/amd64/libjawt.so
7fdc63104000-7fdc63303000 ---p 00001000 07:01 5577                       /tmp/cinstall-1000/eclipse-3.7.2-1-x86_64/usr/lib/jvm/java-6-openjdk/jre/lib/amd64/libjawt.so
7fdc63303000-7fdc63304000 rw-p 00000000 07:01 5577                       /tmp/cinstall-1000/eclipse-3.7.2-1-x86_64/usr/lib/jvm/java-6-openjdk/jre/lib/amd64/libjawt.so
7fdc63304000-7fdc63309000 r-xp 00000000 08:06 5774522                    /usr/lib/libXfixes.so.3.1.0
7fdc63309000-7fdc63509000 ---p 00005000 08:06 5774522                    /usr/lib/libXfixes.so.3.1.0
7fdc63509000-7fdc6350a000 rw-p 00005000 08:06 5774522                    /usr/lib/libXfixes.so.3.1.0
7fdc6350a000-7fdc6353b000 r--s 00000000 08:06 4851501                    /var/cache/fontconfig/f6b893a7224233d96cb72fd88691c0b4-le64.cache-3
7fdc6353b000-7fdc63598000 r--s 00000000 08:06 4851500                    /var/cache/fontconfig/17090aa38d5c6f09fb8c5c354938f1d7-le64.cache-3
7fdc63598000-7fdc635f5000 r--s 00000000 08:06 4851498                    /var/cache/fontconfig/df311e82a1a24c41a75c2c930223552e-le64.cache-3
7fdc63604000-7fdc63607000 ---p 00000000 00:00 0 
7fdc63607000-7fdc63705000 rw-p 00000000 00:00 0 
7fdc63705000-7fdc63736000 r--s 00000000 08:06 4851501                    /var/cache/fontconfig/f6b893a7224233d96cb72fd88691c0b4-le64.cache-3
7fdc63736000-7fdc63793000 r--s 00000000 08:06 4851500                    /var/cache/fontconfig/17090aa38d5c6f09fb8c5c354938f1d7-le64.cache-3
7fdc63793000-7fdc637f0000 r--s 00000000 08:06 4851498                    /var/cache/fontconfig/df311e82a1a24c41a75c2c930223552e-le64.cache-3
7fdc63805000-7fdc6380e000 r-xp 00000000 08:06 5774510                    /usr/lib/libXcursor.so.1.0.2
7fdc6380e000-7fdc63a0e000 ---p 00009000 08:06 5774510                    /usr/lib/libXcursor.so.1.0.2
7fdc63a0e000-7fdc63a0f000 rw-p 00009000 08:06 5774510                    /usr/lib/libXcursor.so.1.0.2
7fdc63a2d000-7fdc63a3d000 rw-s f5000000 00:05 10457                      /dev/ati/card0
7fdc63a3d000-7fdc63a53000 r--s 00000000 08:06 4851514                    /var/cache/fontconfig/8d4af663993b81a124ee82e610bb31f9-le64.cache-3
7fdc63a53000-7fdc63a56000 ---p 00000000 00:00 0 
7fdc63a56000-7fdc63b54000 rw-p 00000000 00:00 0 
7fdc63b54000-7fdc63b63000 r-xp 00000000 08:06 2884484                    /lib/libbz2.so.1.0.6
7fdc63b63000-7fdc63d62000 ---p 0000f000 08:06 2884484                    /lib/libbz2.so.1.0.6
7fdc63d62000-7fdc63d64000 rw-p 0000e000 08:06 2884484                    /lib/libbz2.so.1.0.6
7fdc63d64000-7fdc63dfb000 r-xp 00000000 07:01 5132                       /tmp/cinstall-1000/eclipse-3.7.2-1-x86_64/usr/lib/libfreetype.so.6.7.2
7fdc63dfb000-7fdc63ffa000 ---p 00097000 07:01 5132                       /tmp/cinstall-1000/eclipse-3.7.2-1-x86_64/usr/lib/libfreetype.so.6.7.2
7fdc63ffa000-7fdc64000000 rw-p 00096000 07:01 5132                       /tmp/cinstall-1000/eclipse-3.7.2-1-x86_64/usr/lib/libfreetype.so.6.7.2
7fdc64000000-7fdc64f0f000 rw-p 00000000 00:00 0 
7fdc64f0f000-7fdc68000000 ---p 00000000 00:00 0 
7fdc68009000-7fdc6800b000 rw-s 00002000 00:05 10457                      /dev/ati/card0
7fdc6800b000-7fdc68012000 r--s 000fb000 07:01 5609                       /tmp/cinstall-1000/eclipse-3.7.2-1-x86_64/usr/lib/jvm/java-6-openjdk/jre/lib/resources.jar
7fdc68012000-7fdc6801a000 r--s 00000000 08:06 4849675                    /var/cache/fontconfig/a98d8961fa319a64d3cfd8640c79e62d-le64.cache-3
7fdc6801a000-7fdc68023000 r--s 00000000 08:06 4851502                    /var/cache/fontconfig/d62e99ef547d1d24cdb1bd22ec1a2976-le64.cache-3
7fdc68023000-7fdc6805c000 r-xp 00000000 07:01 5583                       /tmp/cinstall-1000/eclipse-3.7.2-1-x86_64/usr/lib/jvm/java-6-openjdk/jre/lib/amd64/libfontmanager.so
7fdc6805c000-7fdc6825c000 ---p 00039000 07:01 5583                       /tmp/cinstall-1000/eclipse-3.7.2-1-x86_64/usr/lib/jvm/java-6-openjdk/jre/lib/amd64/libfontmanager.so
7fdc6825c000-7fdc6825e000 rw-p 00039000 07:01 5583                       /tmp/cinstall-1000/eclipse-3.7.2-1-x86_64/usr/lib/jvm/java-6-openjdk/jre/lib/amd64/libfontmanager.so
7fdc6825e000-7fdc6825f000 rw-p 00000000 00:00 0 
7fdc6825f000-7fdc68264000 r-xp 00000000 08:06 5774516                    /usr/lib/libXdmcp.so.6.0.0
7fdc68264000-7fdc68463000 ---p 00005000 08:06 5774516                    /usr/lib/libXdmcp.so.6.0.0
7fdc68463000-7fdc68464000 rw-p 00004000 08:06 5774516                    /usr/lib/libXdmcp.so.6.0.0
7fdc68464000-7fdc68466000 r-xp 00000000 08:06 5774495                    /usr/lib/libXau.so.6.0.0
7fdc68466000-7fdc68665000 ---p 00002000 08:06 5774495                    /usr/lib/libXau.so.6.0.0
7fdc68665000-7fdc68666000 rw-p 00001000 08:06 5774495                    /usr/lib/libXau.so.6.0.0
7fdc68666000-7fdc68683000 r-xp 00000000 08:06 5777297                    /usr/lib/libxcb.so.1.1.0
7fdc68683000-7fdc68883000 ---p 0001d000 08:06 5777297                    /usr/lib/libxcb.so.1.1.0
7fdc68883000-7fdc68884000 rw-p 0001d000 08:06 5777297                    /usr/lib/libxcb.so.1.1.0
7fdc68888000-7fdc6888a000 r--s 00000000 08:06 4849672                    /var/cache/fontconfig/699564f050ff7e0f9dae359f33bc56a5-le64.cache-3
7fdc6888a000-7fdc6888b000 r--s 00000000 08:06 4850731                    /var/cache/fontconfig/e4e854e19093b3a10d48c1d28c821416-le64.cache-3
7fdc6888b000-7fdc688a1000 r--s 00000000 08:06 4851514                    /var/cache/fontconfig/8d4af663993b81a124ee82e610bb31f9-le64.cache-3
7fdc688a1000-7fdc688a9000 r--s 00000000 08:06 4849675                    /var/cache/fontconfig/a98d8961fa319a64d3cfd8640c79e62d-le64.cache-3
7fdc688a9000-7fdc688b2000 r--s 00000000 08:06 4851502                    /var/cache/fontconfig/d62e99ef547d1d24cdb1bd22ec1a2976-le64.cache-3
7fdc688b2000-7fdc688c0000 r-xp 00000000 07:01 6320                       /tmp/cinstall-1000/eclipse-3.7.2-1-x86_64/usr/lib/libXi.so.6.1.0
7fdc688c0000-7fdc68ac0000 ---p 0000e000 07:01 6320                       /tmp/cinstall-1000/eclipse-3.7.2-1-x86_64/usr/lib/libXi.so.6.1.0
7fdc68ac0000-7fdc68ac1000 rw-p 0000e000 07:01 6320                       /tmp/cinstall-1000/eclipse-3.7.2-1-x86_64/usr/lib/libXi.so.6.1.0
7fdc68ac1000-7fdc68ac6000 r-xp 00000000 07:01 5026                       /tmp/cinstall-1000/eclipse-3.7.2-1-x86_64/usr/lib/libXtst.so.6.1.0
7fdc68ac6000-7fdc68cc6000 ---p 00005000 07:01 5026                       /tmp/cinstall-1000/eclipse-3.7.2-1-x86_64/usr/lib/libXtst.so.6.1.0
7fdc68cc6000-7fdc68cc7000 rw-p 00005000 07:01 5026                       /tmp/cinstall-1000/eclipse-3.7.2-1-x86_64/usr/lib/libXtst.so.6.1.0
7fdc68cc7000-7fdc68cd0000 r-xp 00000000 07:01 6610                       /tmp/cinstall-1000/eclipse-3.7.2-1-x86_64/usr/lib/libXrender.so.1.3.0
7fdc68cd0000-7fdc68ed0000 ---p 00009000 07:01 6610                       /tmp/cinstall-1000/eclipse-3.7.2-1-x86_64/usr/lib/libXrender.so.1.3.0
7fdc68ed0000-7fdc68ed1000 rw-p 00009000 07:01 6610                       /tmp/cinstall-1000/eclipse-3.7.2-1-x86_64/usr/lib/libXrender.so.1.3.0
7fdc68ed1000-7fdc69007000 r-xp 00000000 07:01 5008                       /tmp/cinstall-1000/eclipse-3.7.2-1-x86_64/usr/lib/libX11.so.6.3.0
7fdc69007000-7fdc69207000 ---p 00136000 07:01 5008                       /tmp/cinstall-1000/eclipse-3.7.2-1-x86_64/usr/lib/libX11.so.6.3.0
7fdc69207000-7fdc6920d000 rw-p 00136000 07:01 5008                       /tmp/cinstall-1000/eclipse-3.7.2-1-x86_64/usr/lib/libX11.so.6.3.0
7fdc6920d000-7fdc6921e000 r-xp 00000000 07:01 5064                       /tmp/cinstall-1000/eclipse-3.7.2-1-x86_64/usr/lib/libXext.so.6.4.0
7fdc6921e000-7fdc6941e000 ---p 00011000 07:01 5064                       /tmp/cinstall-1000/eclipse-3.7.2-1-x86_64/usr/lib/libXext.so.6.4.0
7fdc6941e000-7fdc6941f000 rw-p 00011000 07:01 5064                       /tmp/cinstall-1000/eclipse-3.7.2-1-x86_64/usr/lib/libXext.so.6.4.0
7fdc6941f000-7fdc6946b000 r-xp 00000000 07:01 5584                       /tmp/cinstall-1000/eclipse-3.7.2-1-x86_64/usr/lib/jvm/java-6-openjdk/jre/lib/amd64/xawt/libmawt.so
7fdc6946b000-7fdc6966b000 ---p 0004c000 07:01 5584                       /tmp/cinstall-1000/eclipse-3.7.2-1-x86_64/usr/lib/jvm/java-6-openjdk/jre/lib/amd64/xawt/libmawt.so
7fdc6966b000-7fdc6966e000 rw-p 0004c000 07:01 5584                       /tmp/cinstall-1000/eclipse-3.7.2-1-x86_64/usr/lib/jvm/java-6-openjdk/jre/lib/amd64/xawt/libmawt.so
7fdc6966e000-7fdc69670000 rw-p 00000000 00:00 0 
7fdc69670000-7fdc6971c000 r-xp 00000000 07:01 5592                       /tmp/cinstall-1000/eclipse-3.7.2-1-x86_64/usr/lib/jvm/java-6-openjdk/jre/lib/amd64/libawt.so
7fdc6971c000-7fdc6991c000 ---p 000ac000 07:01 5592                       /tmp/cinstall-1000/eclipse-3.7.2-1-x86_64/usr/lib/jvm/java-6-openjdk/jre/lib/amd64/libawt.so
7fdc6991c000-7fdc69928000 rw-p 000ac000 07:01 5592                       /tmp/cinstall-1000/eclipse-3.7.2-1-x86_64/usr/lib/jvm/java-6-openjdk/jre/lib/amd64/libawt.so
7fdc69928000-7fdc6994c000 rw-p 00000000 00:00 0 
7fdc6994c000-7fdc6994f000 r--s 0007d000 07:01 6098                       /tmp/cinstall-1000/eclipse-3.7.2-1-x86_64/usr/lib/jvm/java-6-openjdk/jre/lib/jsse.jar
7fdc6994f000-7fdc6995a000 r--s 00093000 08:05 1574234                    /home/isak/workspace/GrandLittleBattlefield/lib/slick.jar
7fdc6995a000-7fdc69966000 r--s 000d8000 08:05 1574232                    /home/isak/workspace/GrandLittleBattlefield/lib/lwjgl.jar
7fdc69966000-7fdc69967000 ---p 00000000 00:00 0 
7fdc69967000-7fdc69a67000 rw-p 00000000 00:00 0 
7fdc69a67000-7fdc69a6a000 ---p 00000000 00:00 0 
7fdc69a6a000-7fdc69b68000 rw-p 00000000 00:00 0 
7fdc69b68000-7fdc69b6b000 ---p 00000000 00:00 0 
7fdc69b6b000-7fdc69c69000 rw-p 00000000 00:00 0 
7fdc69c69000-7fdc69c6c000 ---p 00000000 00:00 0 
7fdc69c6c000-7fdc69d6a000 rw-p 00000000 00:00 0 
7fdc69d6a000-7fdc69d6d000 ---p 00000000 00:00 0 
7fdc69d6d000-7fdc69e6b000 rw-p 00000000 00:00 0 
7fdc69e6b000-7fdc6a166000 r--p 00000000 08:06 5906316                    /usr/lib/locale/locale-archive
7fdc6a166000-7fdc6a169000 ---p 00000000 00:00 0 
7fdc6a169000-7fdc6a267000 rw-p 00000000 00:00 0 
7fdc6a267000-7fdc6a26a000 ---p 00000000 00:00 0 
7fdc6a26a000-7fdc6a368000 rw-p 00000000 00:00 0 
7fdc6a368000-7fdc6a369000 ---p 00000000 00:00 0 
7fdc6a369000-7fdc6a79f000 rw-p 00000000 00:00 0 
7fdc6a79f000-7fdc6a930000 r--s 037b1000 07:01 6063                       /tmp/cinstall-1000/eclipse-3.7.2-1-x86_64/usr/lib/jvm/java-6-openjdk/jre/lib/rt.jar
7fdc6a930000-7fdc6a931000 ---p 00000000 00:00 0 
7fdc6a931000-7fdc6aa31000 rw-p 00000000 00:00 0 
7fdc6aa31000-7fdc6aa32000 ---p 00000000 00:00 0 
7fdc6aa32000-7fdc6ab3d000 rw-p 00000000 00:00 0 
7fdc6ab3d000-7fdc6ab85000 rw-p 00000000 00:00 0 
7fdc6ab85000-7fdc6ab9a000 rw-p 00000000 00:00 0 
7fdc6ab9a000-7fdc6accf000 rw-p 00000000 00:00 0 
7fdc6accf000-7fdc6acda000 rw-p 00000000 00:00 0 
7fdc6acda000-7fdc6ad22000 rw-p 00000000 00:00 0 
7fdc6ad22000-7fdc6ad37000 rw-p 00000000 00:00 0 
7fdc6ad37000-7fdc6ae6c000 rw-p 00000000 00:00 0 
7fdc6ae6c000-7fdc6ae77000 rw-p 00000000 00:00 0 
7fdc6ae77000-7fdc6af11000 rw-p 00000000 00:00 0 
7fdc6af11000-7fdc6af12000 rw-p 00000000 00:00 0 
7fdc6af12000-7fdc6b182000 rwxp 00000000 00:00 0 
7fdc6b182000-7fdc6df12000 rw-p 00000000 00:00 0 
7fdc6df12000-7fdc6df19000 r-xp 00000000 07:01 5571                       /tmp/cinstall-1000/eclipse-3.7.2-1-x86_64/usr/lib/jvm/java-6-openjdk/jre/lib/amd64/libzip.so
7fdc6df19000-7fdc6e118000 ---p 00007000 07:01 5571                       /tmp/cinstall-1000/eclipse-3.7.2-1-x86_64/usr/lib/jvm/java-6-openjdk/jre/lib/amd64/libzip.so
7fdc6e118000-7fdc6e119000 rw-p 00006000 07:01 5571                       /tmp/cinstall-1000/eclipse-3.7.2-1-x86_64/usr/lib/jvm/java-6-openjdk/jre/lib/amd64/libzip.so
7fdc6e119000-7fdc6e125000 r-xp 00000000 08:06 2884578                    /lib/libnss_files-2.15.so
7fdc6e125000-7fdc6e324000 ---p 0000c000 08:06 2884578                    /lib/libnss_files-2.15.so
7fdc6e324000-7fdc6e325000 r--p 0000b000 08:06 2884578                    /lib/libnss_files-2.15.so
7fdc6e325000-7fdc6e326000 rw-p 0000c000 08:06 2884578                    /lib/libnss_files-2.15.so
7fdc6e326000-7fdc6e32e000 r-xp 00000000 07:01 5590                       /tmp/cinstall-1000/eclipse-3.7.2-1-x86_64/usr/lib/jvm/java-6-openjdk/jre/lib/amd64/native_threads/libhpi.so
7fdc6e32e000-7fdc6e52d000 ---p 00008000 07:01 5590                       /tmp/cinstall-1000/eclipse-3.7.2-1-x86_64/usr/lib/jvm/java-6-openjdk/jre/lib/amd64/native_threads/libhpi.so
7fdc6e52d000-7fdc6e52f000 rw-p 00007000 07:01 5590                       /tmp/cinstall-1000/eclipse-3.7.2-1-x86_64/usr/lib/jvm/java-6-openjdk/jre/lib/amd64/native_threads/libhpi.so
7fdc6e52f000-7fdc6e544000 r-xp 00000000 08:06 2884532                    /lib/libnsl-2.15.so
7fdc6e544000-7fdc6e743000 ---p 00015000 08:06 2884532                    /lib/libnsl-2.15.so
7fdc6e743000-7fdc6e744000 r--p 00014000 08:06 2884532                    /lib/libnsl-2.15.so
7fdc6e744000-7fdc6e745000 rw-p 00015000 08:06 2884532                    /lib/libnsl-2.15.so
7fdc6e745000-7fdc6e747000 rw-p 00000000 00:00 0 
7fdc6e747000-7fdc6e774000 r-xp 00000000 07:01 5602                       /tmp/cinstall-1000/eclipse-3.7.2-1-x86_64/usr/lib/jvm/java-6-openjdk/jre/lib/amd64/libjava.so
7fdc6e774000-7fdc6e973000 ---p 0002d000 07:01 5602                       /tmp/cinstall-1000/eclipse-3.7.2-1-x86_64/usr/lib/jvm/java-6-openjdk/jre/lib/amd64/libjava.so
7fdc6e973000-7fdc6e977000 rw-p 0002c000 07:01 5602                       /tmp/cinstall-1000/eclipse-3.7.2-1-x86_64/usr/lib/jvm/java-6-openjdk/jre/lib/amd64/libjava.so
7fdc6e977000-7fdc6e985000 r-xp 00000000 07:01 5591                       /tmp/cinstall-1000/eclipse-3.7.2-1-x86_64/usr/lib/jvm/java-6-openjdk/jre/lib/amd64/libverify.so
7fdc6e985000-7fdc6eb84000 ---p 0000e000 07:01 5591                       /tmp/cinstall-1000/eclipse-3.7.2-1-x86_64/usr/lib/jvm/java-6-openjdk/jre/lib/amd64/libverify.so
7fdc6eb84000-7fdc6eb86000 rw-p 0000d000 07:01 5591                       /tmp/cinstall-1000/eclipse-3.7.2-1-x86_64/usr/lib/jvm/java-6-openjdk/jre/lib/amd64/libverify.so
7fdc6eb86000-7fdc6eb8d000 r-xp 00000000 08:06 2884540                    /lib/librt-2.15.so
7fdc6eb8d000-7fdc6ed8c000 ---p 00007000 08:06 2884540                    /lib/librt-2.15.so
7fdc6ed8c000-7fdc6ed8d000 r--p 00006000 08:06 2884540                    /lib/librt-2.15.so
7fdc6ed8d000-7fdc6ed8e000 rw-p 00007000 08:06 2884540                    /lib/librt-2.15.so
7fdc6ed8e000-7fdc6eda3000 r-xp 00000000 07:01 6295                       /tmp/cinstall-1000/eclipse-3.7.2-1-x86_64/usr/lib/libgcc_s.so.1
7fdc6eda3000-7fdc6efa3000 ---p 00015000 07:01 6295                       /tmp/cinstall-1000/eclipse-3.7.2-1-x86_64/usr/lib/libgcc_s.so.1
7fdc6efa3000-7fdc6efa4000 rw-p 00015000 07:01 6295                       /tmp/cinstall-1000/eclipse-3.7.2-1-x86_64/usr/lib/libgcc_s.so.1
7fdc6efa4000-7fdc6f097000 r-xp 00000000 08:06 2884467                    /lib/libm-2.15.so
7fdc6f097000-7fdc6f297000 ---p 000f3000 08:06 2884467                    /lib/libm-2.15.so
7fdc6f297000-7fdc6f298000 r--p 000f3000 08:06 2884467                    /lib/libm-2.15.so
7fdc6f298000-7fdc6f299000 rw-p 000f4000 08:06 2884467                    /lib/libm-2.15.so
7fdc6f299000-7fdc6f384000 r-xp 00000000 07:01 5129                       /tmp/cinstall-1000/eclipse-3.7.2-1-x86_64/usr/lib/libstdc++.so.6.0.16
7fdc6f384000-7fdc6f584000 ---p 000eb000 07:01 5129                       /tmp/cinstall-1000/eclipse-3.7.2-1-x86_64/usr/lib/libstdc++.so.6.0.16
7fdc6f584000-7fdc6f58c000 r--p 000eb000 07:01 5129                       /tmp/cinstall-1000/eclipse-3.7.2-1-x86_64/usr/lib/libstdc++.so.6.0.16
7fdc6f58c000-7fdc6f58e000 rw-p 000f3000 07:01 5129                       /tmp/cinstall-1000/eclipse-3.7.2-1-x86_64/usr/lib/libstdc++.so.6.0.16
7fdc6f58e000-7fdc6f5a3000 rw-p 00000000 00:00 0 
7fdc6f5a3000-7fdc6fde1000 r-xp 00000000 07:01 5587                       /tmp/cinstall-1000/eclipse-3.7.2-1-x86_64/usr/lib/jvm/java-6-openjdk/jre/lib/amd64/server/libjvm.so
7fdc6fde1000-7fdc6ffe0000 ---p 0083e000 07:01 5587                       /tmp/cinstall-1000/eclipse-3.7.2-1-x86_64/usr/lib/jvm/java-6-openjdk/jre/lib/amd64/server/libjvm.so
7fdc6ffe0000-7fdc7006f000 rw-p 0083d000 07:01 5587                       /tmp/cinstall-1000/eclipse-3.7.2-1-x86_64/usr/lib/jvm/java-6-openjdk/jre/lib/amd64/server/libjvm.so
7fdc7006f000-7fdc70097000 rw-p 00000000 00:00 0 
7fdc70097000-7fdc70215000 r-xp 00000000 07:01 6632                       /tmp/cinstall-1000/eclipse-3.7.2-1-x86_64/lib/libc.so.6
7fdc70215000-7fdc70414000 ---p 0017e000 07:01 6632                       /tmp/cinstall-1000/eclipse-3.7.2-1-x86_64/lib/libc.so.6
7fdc70414000-7fdc70418000 r--p 0017d000 07:01 6632                       /tmp/cinstall-1000/eclipse-3.7.2-1-x86_64/lib/libc.so.6
7fdc70418000-7fdc70419000 rw-p 00181000 07:01 6632                       /tmp/cinstall-1000/eclipse-3.7.2-1-x86_64/lib/libc.so.6
7fdc70419000-7fdc7041e000 rw-p 00000000 00:00 0 
7fdc7041e000-7fdc70420000 r-xp 00000000 07:01 6634                       /tmp/cinstall-1000/eclipse-3.7.2-1-x86_64/lib/libdl.so.2
7fdc70420000-7fdc70620000 ---p 00002000 07:01 6634                       /tmp/cinstall-1000/eclipse-3.7.2-1-x86_64/lib/libdl.so.2
7fdc70620000-7fdc70621000 r--p 00002000 07:01 6634                       /tmp/cinstall-1000/eclipse-3.7.2-1-x86_64/lib/libdl.so.2
7fdc70621000-7fdc70622000 rw-p 00003000 07:01 6634                       /tmp/cinstall-1000/eclipse-3.7.2-1-x86_64/lib/libdl.so.2
7fdc70622000-7fdc70626000 r-xp 00000000 07:01 5594                       /tmp/cinstall-1000/eclipse-3.7.2-1-x86_64/usr/lib/jvm/java-6-openjdk/jre/lib/amd64/jli/libjli.so
7fdc70626000-7fdc70825000 ---p 00004000 07:01 5594                       /tmp/cinstall-1000/eclipse-3.7.2-1-x86_64/usr/lib/jvm/java-6-openjdk/jre/lib/amd64/jli/libjli.so
7fdc70825000-7fdc70826000 rw-p 00003000 07:01 5594                       /tmp/cinstall-1000/eclipse-3.7.2-1-x86_64/usr/lib/jvm/java-6-openjdk/jre/lib/amd64/jli/libjli.so
7fdc70826000-7fdc7083d000 r-xp 00000000 07:01 6633                       /tmp/cinstall-1000/eclipse-3.7.2-1-x86_64/lib/libpthread.so.0
7fdc7083d000-7fdc70a3d000 ---p 00017000 07:01 6633                       /tmp/cinstall-1000/eclipse-3.7.2-1-x86_64/lib/libpthread.so.0
7fdc70a3d000-7fdc70a3e000 r--p 00017000 07:01 6633                       /tmp/cinstall-1000/eclipse-3.7.2-1-x86_64/lib/libpthread.so.0
7fdc70a3e000-7fdc70a3f000 rw-p 00018000 07:01 6633                       /tmp/cinstall-1000/eclipse-3.7.2-1-x86_64/lib/libpthread.so.0
7fdc70a3f000-7fdc70a43000 rw-p 00000000 00:00 0 
7fdc70a43000-7fdc70a5b000 r-xp 00000000 07:01 6114                       /tmp/cinstall-1000/eclipse-3.7.2-1-x86_64/usr/lib/libz.so.1.2.5
7fdc70a5b000-7fdc70c5a000 ---p 00018000 07:01 6114                       /tmp/cinstall-1000/eclipse-3.7.2-1-x86_64/usr/lib/libz.so.1.2.5
7fdc70c5a000-7fdc70c5b000 rw-p 00017000 07:01 6114                       /tmp/cinstall-1000/eclipse-3.7.2-1-x86_64/usr/lib/libz.so.1.2.5
7fdc70c5b000-7fdc70c7c000 r-xp 00000000 08:06 2884542                    /lib/ld-2.15.so
7fdc70c7e000-7fdc70c7f000 rw-s 00005000 00:05 10457                      /dev/ati/card0
7fdc70c7f000-7fdc70c81000 r--s 00000000 08:06 4849672                    /var/cache/fontconfig/699564f050ff7e0f9dae359f33bc56a5-le64.cache-3
7fdc70c81000-7fdc70c82000 r--s 00000000 08:06 4850731                    /var/cache/fontconfig/e4e854e19093b3a10d48c1d28c821416-le64.cache-3
7fdc70c82000-7fdc70c83000 r--s 00006000 08:05 1574231                    /home/isak/workspace/GrandLittleBattlefield/lib/artemis.jar
7fdc70c83000-7fdc70cb5000 rw-p 00000000 00:00 0 
7fdc70cb5000-7fdc70d6b000 rw-p 00000000 00:00 0 
7fdc70d6b000-7fdc70d73000 rw-s 00000000 08:06 3276821                    /tmp/hsperfdata_isak/4650 (deleted)
7fdc70d73000-7fdc70d74000 rw-p 00000000 00:00 0 
7fdc70d74000-7fdc70d75000 ---p 00000000 00:00 0 
7fdc70d75000-7fdc70d78000 ---p 00000000 00:00 0 
7fdc70d78000-7fdc70e7c000 rw-p 00000000 00:00 0 
7fdc70e7c000-7fdc70e7d000 r--p 00021000 08:06 2884542                    /lib/ld-2.15.so
7fdc70e7d000-7fdc70e7e000 rw-p 00022000 08:06 2884542                    /lib/ld-2.15.so
7fdc70e7e000-7fdc70e7f000 rw-p 00000000 00:00 0 
7fff7a2ff000-7fff7a320000 rw-p 00000000 00:00 0                          [stack]
7fff7a34b000-7fff7a34c000 r-xp 00000000 00:00 0                          [vdso]
ffffffffff600000-ffffffffff601000 r-xp 00000000 00:00 0                  [vsyscall]

VM Arguments:
jvm_args: -Djava.library.path=/home/isak/workspace/GrandLittleBattlefield/lib/native -Dfile.encoding=UTF-8 
java_command: glb.GameInit
Launcher Type: SUN_STANDARD

Environment Variables:
JAVA_HOME=/tmp/cinstall-1000/eclipse-3.7.2-1-x86_64/usr/lib/jvm/java-6-openjdk/bin
PATH=/tmp/cinstall-1000/eclipse-3.7.2-1-x86_64/usr/lib/jvm/java-6-openjdk/bin:/home/isak/.rvm/gems/ruby-1.9.3-p194/bin:/home/isak/.rvm/gems/ruby-1.9.3-p194@global/bin:/home/isak/.rvm/rubies/ruby-1.9.3-p194/bin:/home/isak/.rvm/bin:/usr/local/bin:/usr/bin:/bin:/usr/local/sbin:/usr/sbin:/sbin:/home/isak/.cinstall/launchers/:/usr/bin/core_perl
LD_LIBRARY_PATH=/tmp/cinstall-1000/eclipse-3.7.2-1-x86_64/usr/lib/jvm/java-6-openjdk/jre/lib/amd64/server:/tmp/cinstall-1000/eclipse-3.7.2-1-x86_64/usr/lib/jvm/java-6-openjdk/jre/lib/amd64:/tmp/cinstall-1000/eclipse-3.7.2-1-x86_64/usr/lib/jvm/java-6-openjdk/jre/../lib/amd64:/tmp/cinstall-1000/eclipse-3.7.2-1-x86_64/usr/lib:/tmp/cinstall-1000/eclipse-3.7.2-1-x86_64/lib
SHELL=/bin/bash
DISPLAY=:0

Signal Handlers:
SIGSEGV: [libjvm.so+0x6d9f90], sa_mask[0]=0x7ffbfeff, sa_flags=0x10000004
SIGBUS: [libjvm.so+0x6d9f90], sa_mask[0]=0x7ffbfeff, sa_flags=0x10000004
SIGFPE: [libjvm.so+0x59e3f0], sa_mask[0]=0x7ffbfeff, sa_flags=0x10000004
SIGPIPE: [libjvm.so+0x59e3f0], sa_mask[0]=0x7ffbfeff, sa_flags=0x10000004
SIGXFSZ: [libjvm.so+0x59e3f0], sa_mask[0]=0x7ffbfeff, sa_flags=0x10000004
SIGILL: [libjvm.so+0x59e3f0], sa_mask[0]=0x7ffbfeff, sa_flags=0x10000004
SIGUSR1: SIG_DFL, sa_mask[0]=0x00000000, sa_flags=0x00000000
SIGUSR2: [libjvm.so+0x59e580], sa_mask[0]=0x00000004, sa_flags=0x10000004
SIGHUP: [libjvm.so+0x5a0e80], sa_mask[0]=0x7ffbfeff, sa_flags=0x10000004
SIGINT: [libjvm.so+0x5a0e80], sa_mask[0]=0x7ffbfeff, sa_flags=0x10000004
SIGTERM: [libjvm.so+0x5a0e80], sa_mask[0]=0x7ffbfeff, sa_flags=0x10000004
SIGQUIT: [libjvm.so+0x5a0e80], sa_mask[0]=0x7ffbfeff, sa_flags=0x10000004


---------------  S Y S T E M  ---------------

OS:"Chakra" "2012.04.14" ("Archimedes")
uname:Linux 3.2-CHAKRA #1 SMP PREEMPT Tue Feb 28 14:55:18 UTC 2012 x86_64
libc:glibc 2.14.1 NPTL 2.14.1 
rlimit: STACK 8192k, CORE 0k, NPROC 31619, NOFILE 4096, AS infinity
load average:0.06 0.17 0.21

/proc/meminfo:
MemTotal:        4052328 kB
MemFree:          183060 kB
Buffers:          171528 kB
Cached:          1479568 kB
SwapCached:          728 kB
Active:          2299576 kB
Inactive:        1199692 kB
Active(anon):    1543220 kB
Inactive(anon):   329900 kB
Active(file):     756356 kB
Inactive(file):   869792 kB
Unevictable:         132 kB
Mlocked:             132 kB
SwapTotal:       3997692 kB
SwapFree:        3993812 kB
Dirty:               116 kB
Writeback:             0 kB
AnonPages:       1847752 kB
Mapped:           272988 kB
Shmem:             24948 kB
Slab:             108728 kB
SReclaimable:      76160 kB
SUnreclaim:        32568 kB
KernelStack:        3384 kB
PageTables:        37576 kB
NFS_Unstable:          0 kB
Bounce:                0 kB
WritebackTmp:          0 kB
CommitLimit:     6023856 kB
Committed_AS:    3400736 kB
VmallocTotal:   34359738367 kB
VmallocUsed:      105964 kB
VmallocChunk:   34359626068 kB
HardwareCorrupted:     0 kB
AnonHugePages:         0 kB
HugePages_Total:       0
HugePages_Free:        0
HugePages_Rsvd:        0
HugePages_Surp:        0
Hugepagesize:       2048 kB
DirectMap4k:     1334144 kB
DirectMap2M:     2859008 kB


CPU:total 2 (2 cores per cpu, 1 threads per core) family 6 model 23 stepping 6, cmov, cx8, fxsr, mmx, sse, sse2, sse3, ssse3, sse4.1

Memory: 4k page, physical 4052328k(183060k free), swap 3997692k(3993812k free)

vm_info: OpenJDK 64-Bit Server VM (19.0-b09) for linux-amd64 JRE (1.6.0_22-b22), built on Jan  2 2012 01:17:16 by "chakrapony" with gcc 4.6.2

time: Mon May 21 21:51:07 2012
elapsed time: 49 seconds

